<?xml version="1.0" encoding="UTF-8"?>
<!-- Generated by org.testng.reporters.JUnitReportReporter -->
<testsuite skipped="0" hostname="TK-IN-PC" name="schedule2.NewTest" tests="2" failures="0" timestamp="2020-03-19T15:19:53 IST" time="0.062" errors="0">
  <testcase name="test2" time="0.017" classname="schedule2.NewTest"/>
  <system-out/>
  <testcase name="test1" time="0.045" classname="schedule2.NewTest"/>
  <system-out/>
</testsuite> <!-- schedule2.NewTest -->
