<?xml version="1.0" encoding="UTF-8"?>
<!-- Generated by org.testng.reporters.JUnitReportReporter -->
<testsuite skipped="0" hostname="TK-IN-PC" name="schedule2.GroupsExample" tests="2" failures="0" timestamp="2020-03-23T15:27:26 IST" time="0.016" errors="0">
  <testcase name="test1" time="0.014" classname="schedule2.GroupsExample"/>
  <system-out/>
  <testcase name="test2" time="0.002" classname="schedule2.GroupsExample"/>
  <system-out/>
</testsuite> <!-- schedule2.GroupsExample -->
